<?xml version="1.0" encoding="UTF-8"?>
<!-- Generated by org.testng.reporters.JUnitReportReporter -->
<testsuite hostname="DESKTOP-6LB77J4" failures="0" tests="5" name="testCases.TC_003_LoginDataDrivenTest" time="38.457" errors="0" timestamp="2023-01-16T16:22:45 PST" skipped="0">
  <testcase classname="testCases.TC_003_LoginDataDrivenTest" name="test_LoginDDT" time="1.992"/>
  <system-out/>
  <testcase classname="testCases.TC_003_LoginDataDrivenTest" name="test_LoginDDT" time="11.457"/>
  <system-out/>
  <testcase classname="testCases.TC_003_LoginDataDrivenTest" name="test_LoginDDT" time="11.282"/>
  <system-out/>
  <testcase classname="testCases.TC_003_LoginDataDrivenTest" name="test_LoginDDT" time="11.385"/>
  <system-out/>
  <testcase classname="testCases.TC_003_LoginDataDrivenTest" name="test_LoginDDT" time="2.341"/>
  <system-out/>
</testsuite> <!-- testCases.TC_003_LoginDataDrivenTest -->
