<?xml version="1.0" encoding="UTF-8"?>
<!-- Generated by org.testng.reporters.JUnitReportReporter -->
<testsuite hostname="DESKTOP-6LB77J4" failures="0" tests="1" name="testCases.TC_002_LoginTest" time="1.944" errors="0" timestamp="2023-01-17T10:52:24 PST" skipped="0">
  <testcase classname="testCases.TC_002_LoginTest" name="test_Login" time="1.944"/>
  <system-out/>
</testsuite> <!-- testCases.TC_002_LoginTest -->
