<?xml version="1.0" encoding="UTF-8"?>
<!-- Generated by org.testng.reporters.JUnitReportReporter -->
<testsuite hostname="DESKTOP-6LB77J4" failures="0" tests="1" name="testCases.TC_001_AccountRegistrationTest" time="6.127" errors="0" timestamp="2023-01-17T10:52:24 PST" skipped="0">
  <testcase classname="testCases.TC_001_AccountRegistrationTest" name="test_account_Registration" time="6.127"/>
  <system-out/>
</testsuite> <!-- testCases.TC_001_AccountRegistrationTest -->
